<?xml version="1.0" encoding="UTF-8"?>
<!-- Generated by org.testng.reporters.JUnitReportReporter -->
<testsuite hostname="DESKTOP-VD8TREF" name="openbaidu.openbaidu" tests="1" failures="0" timestamp="18 Mar 2019 01:33:51 GMT" time="5.455" errors="0">
  <testcase name="open" time="5.455" classname="openbaidu.openbaidu"/>
</testsuite> <!-- openbaidu.openbaidu -->
